d:\reasonix\信号分析\signalanalyzertool\x64\release\qcustomplot.obj
d:\reasonix\信号分析\signalanalyzertool\x64\release\main.obj
d:\reasonix\信号分析\signalanalyzertool\x64\release\signalanalyzertool.obj
d:\reasonix\信号分析\signalanalyzertool\x64\release\qrc_signalanalyzertool.obj
d:\reasonix\信号分析\signalanalyzertool\x64\release\moc_signalanalyzertool.obj
d:\reasonix\信号分析\signalanalyzertool\x64\release\moc_qcustomplot.obj
d:\reasonix\信号分析\x64\release\signalanalyzertool.exe
d:\reasonix\信号分析\signalanalyzertool\x64\release\moc\moc_signalanalyzertool.cpp
d:\reasonix\信号分析\signalanalyzertool\x64\release\moc\moc_qcustomplot.cpp
d:\reasonix\信号分析\signalanalyzertool\x64\release\rcc\qrc_signalanalyzertool.cpp
d:\reasonix\信号分析\signalanalyzertool\x64\release\uic\ui_signalanalyzertool.h
d:\reasonix\信号分析\signalanalyzertool\x64\release\signalan.741df223.tlog\cl.19104.write.1.tlog
d:\reasonix\信号分析\signalanalyzertool\x64\release\signalan.741df223.tlog\cl.command.1.tlog
d:\reasonix\信号分析\signalanalyzertool\x64\release\signalan.741df223.tlog\cl.read.1.tlog
d:\reasonix\信号分析\signalanalyzertool\x64\release\signalan.741df223.tlog\link.command.1.tlog
d:\reasonix\信号分析\signalanalyzertool\x64\release\signalan.741df223.tlog\link.read.1.tlog
d:\reasonix\信号分析\signalanalyzertool\x64\release\signalan.741df223.tlog\link.write.1.tlog
d:\reasonix\信号分析\signalanalyzertool\x64\release\signalan.741df223.tlog\moc.read.1u.tlog
d:\reasonix\信号分析\signalanalyzertool\x64\release\signalan.741df223.tlog\moc.write.1u.tlog
d:\reasonix\信号分析\signalanalyzertool\x64\release\signalan.741df223.tlog\rcc.read.1u.tlog
d:\reasonix\信号分析\signalanalyzertool\x64\release\signalan.741df223.tlog\rcc.write.1u.tlog
d:\reasonix\信号分析\signalanalyzertool\x64\release\signalan.741df223.tlog\signalanalyzertool.write.1u.tlog
d:\reasonix\信号分析\signalanalyzertool\x64\release\signalan.741df223.tlog\uic.read.1u.tlog
d:\reasonix\信号分析\signalanalyzertool\x64\release\signalan.741df223.tlog\uic.write.1u.tlog
