d:\mimo claw\signalanalyzertool\signalanalyzertool\x64\debug\moc_signalanalyzertool.obj
d:\mimo claw\signalanalyzertool\signalanalyzertool\x64\debug\moc_qcustomplot.obj
d:\mimo claw\signalanalyzertool\signalanalyzertool\x64\debug\qrc_signalanalyzertool.obj
d:\mimo claw\signalanalyzertool\signalanalyzertool\x64\debug\main.obj
d:\mimo claw\signalanalyzertool\signalanalyzertool\x64\debug\signalanalyzertool.obj
d:\mimo claw\signalanalyzertool\signalanalyzertool\x64\debug\qcustomplot.obj
d:\mimo claw\signalanalyzertool\signalanalyzertool\x64\debug\vc141.pdb
d:\mimo claw\signalanalyzertool\x64\debug\signalanalyzertool.exe
d:\mimo claw\signalanalyzertool\x64\debug\signalanalyzertool.ilk
d:\mimo claw\signalanalyzertool\x64\debug\signalanalyzertool.pdb
d:\mimo claw\signalanalyzertool\signalanalyzertool\x64\debug\moc\moc_signalanalyzertool.cpp
d:\mimo claw\signalanalyzertool\signalanalyzertool\x64\debug\moc\moc_qcustomplot.cpp
d:\mimo claw\signalanalyzertool\signalanalyzertool\x64\debug\rcc\qrc_signalanalyzertool.cpp
d:\mimo claw\signalanalyzertool\signalanalyzertool\x64\debug\uic\ui_signalanalyzertool.h
d:\mimo claw\signalanalyzertool\signalanalyzertool\x64\debug\signalan.741df223.tlog\cl.10744.write.1.tlog
d:\mimo claw\signalanalyzertool\signalanalyzertool\x64\debug\signalan.741df223.tlog\cl.command.1.tlog
d:\mimo claw\signalanalyzertool\signalanalyzertool\x64\debug\signalan.741df223.tlog\cl.read.1.tlog
d:\mimo claw\signalanalyzertool\signalanalyzertool\x64\debug\signalan.741df223.tlog\link.command.1.tlog
d:\mimo claw\signalanalyzertool\signalanalyzertool\x64\debug\signalan.741df223.tlog\link.read.1.tlog
d:\mimo claw\signalanalyzertool\signalanalyzertool\x64\debug\signalan.741df223.tlog\link.write.1.tlog
d:\mimo claw\signalanalyzertool\signalanalyzertool\x64\debug\signalan.741df223.tlog\moc.read.1u.tlog
d:\mimo claw\signalanalyzertool\signalanalyzertool\x64\debug\signalan.741df223.tlog\moc.write.1u.tlog
d:\mimo claw\signalanalyzertool\signalanalyzertool\x64\debug\signalan.741df223.tlog\rcc.read.1u.tlog
d:\mimo claw\signalanalyzertool\signalanalyzertool\x64\debug\signalan.741df223.tlog\rcc.write.1u.tlog
d:\mimo claw\signalanalyzertool\signalanalyzertool\x64\debug\signalan.741df223.tlog\signalanalyzertool.write.1u.tlog
d:\mimo claw\signalanalyzertool\signalanalyzertool\x64\debug\signalan.741df223.tlog\uic.read.1u.tlog
d:\mimo claw\signalanalyzertool\signalanalyzertool\x64\debug\signalan.741df223.tlog\uic.write.1u.tlog
