d:\mimo claw\signalanalyzertool\signalanalyzertool\liquid\x64\debug\vc141.pdb
d:\mimo claw\signalanalyzertool\signalanalyzertool\liquid\x64\debug\vc141.idb
d:\mimo claw\signalanalyzertool\signalanalyzertool\liquid\x64\debug\liquid_dll.obj
d:\mimo claw\signalanalyzertool\signalanalyzertool\liquid\x64\debug\demod.obj
d:\mimo claw\signalanalyzertool\signalanalyzertool\liquid\x64\debug\identify.obj
d:\mimo claw\signalanalyzertool\signalanalyzertool\liquid\x64\debug\random.obj
d:\mimo claw\signalanalyzertool\signalanalyzertool\liquid\x64\debug\agc.obj
d:\mimo claw\signalanalyzertool\signalanalyzertool\liquid\x64\debug\modem.obj
d:\mimo claw\signalanalyzertool\signalanalyzertool\liquid\x64\debug\nco.obj
d:\mimo claw\signalanalyzertool\signalanalyzertool\liquid\x64\debug\firfilt.obj
d:\mimo claw\signalanalyzertool\signalanalyzertool\liquid\x64\debug\firdes.obj
d:\mimo claw\signalanalyzertool\signalanalyzertool\liquid\x64\debug\fft.obj
d:\mimo claw\signalanalyzertool\signalanalyzertool\liquid\x64\debug\error.obj
d:\mimo claw\signalanalyzertool\x64\debug\liquid.ilk
d:\mimo claw\signalanalyzertool\x64\debug\liquid.dll
d:\mimo claw\signalanalyzertool\x64\debug\liquid.pdb
d:\mimo claw\signalanalyzertool\x64\debug\liquid.lib
d:\mimo claw\signalanalyzertool\x64\debug\liquid.exp
d:\mimo claw\signalanalyzertool\signalanalyzertool\liquid\x64\debug\liquid.tlog\cl.command.1.tlog
d:\mimo claw\signalanalyzertool\signalanalyzertool\liquid\x64\debug\liquid.tlog\cl.read.1.tlog
d:\mimo claw\signalanalyzertool\signalanalyzertool\liquid\x64\debug\liquid.tlog\cl.write.1.tlog
d:\mimo claw\signalanalyzertool\signalanalyzertool\liquid\x64\debug\liquid.tlog\link.command.1.tlog
d:\mimo claw\signalanalyzertool\signalanalyzertool\liquid\x64\debug\liquid.tlog\link.read.1.tlog
d:\mimo claw\signalanalyzertool\signalanalyzertool\liquid\x64\debug\liquid.tlog\link.write.1.tlog
d:\mimo claw\signalanalyzertool\signalanalyzertool\liquid\x64\debug\liquid.tlog\liquid.write.1u.tlog
