  error.cpp
  fft.cpp
  firdes.cpp
  firfilt.cpp
d:\mimo claw\signalanalyzertool\signalanalyzertool\liquid\filter\firfilt.h(20): warning C4267: “return”: 从“size_t”转换到“unsigned int”，可能丢失数据
d:\mimo claw\signalanalyzertool\signalanalyzertool\liquid\filter\firfilt.cpp(23): warning C4267: “=”: 从“size_t”转换到“unsigned int”，可能丢失数据
d:\mimo claw\signalanalyzertool\signalanalyzertool\liquid\filter\firfilt.cpp(43): warning C4267: “=”: 从“size_t”转换到“unsigned int”，可能丢失数据
  nco.cpp
  modem.cpp
  agc.cpp
  random.cpp
  identify.cpp
d:\mimo claw\signalanalyzertool\signalanalyzertool\liquid\filter\firfilt.h(20): warning C4267: “return”: 从“size_t”转换到“unsigned int”，可能丢失数据
d:\mimo claw\signalanalyzertool\signalanalyzertool\liquid\signal\identify.cpp(168): warning C4267: “初始化”: 从“size_t”转换到“unsigned int”，可能丢失数据
d:\mimo claw\signalanalyzertool\signalanalyzertool\liquid\signal\identify.cpp(200): warning C4267: “初始化”: 从“size_t”转换到“unsigned int”，可能丢失数据
  demod.cpp
d:\mimo claw\signalanalyzertool\signalanalyzertool\liquid\filter\firfilt.h(20): warning C4267: “return”: 从“size_t”转换到“unsigned int”，可能丢失数据
  liquid_dll.cpp
d:\mimo claw\signalanalyzertool\signalanalyzertool\liquid\filter\firfilt.h(20): warning C4267: “return”: 从“size_t”转换到“unsigned int”，可能丢失数据
  正在生成代码...
    正在创建库 D:\MiMo Claw\SignalAnalyzerTool\x64\Debug\liquid.lib 和对象 D:\MiMo Claw\SignalAnalyzerTool\x64\Debug\liquid.exp
  liquid.vcxproj -> D:\MiMo Claw\SignalAnalyzerTool\x64\Debug\liquid.dll
