d:\reasonix\信号分析\signalanalyzertool\liquid\x64\release\vc141.pdb
d:\reasonix\信号分析\signalanalyzertool\liquid\x64\release\liquid_dll.obj
d:\reasonix\信号分析\signalanalyzertool\liquid\x64\release\demod.obj
d:\reasonix\信号分析\signalanalyzertool\liquid\x64\release\identify.obj
d:\reasonix\信号分析\signalanalyzertool\liquid\x64\release\random.obj
d:\reasonix\信号分析\signalanalyzertool\liquid\x64\release\agc.obj
d:\reasonix\信号分析\signalanalyzertool\liquid\x64\release\modem.obj
d:\reasonix\信号分析\signalanalyzertool\liquid\x64\release\nco.obj
d:\reasonix\信号分析\signalanalyzertool\liquid\x64\release\firfilt.obj
d:\reasonix\信号分析\signalanalyzertool\liquid\x64\release\firdes.obj
d:\reasonix\信号分析\signalanalyzertool\liquid\x64\release\fft.obj
d:\reasonix\信号分析\signalanalyzertool\liquid\x64\release\error.obj
d:\reasonix\信号分析\x64\release\liquid.dll
d:\reasonix\信号分析\x64\release\liquid.pdb
d:\reasonix\信号分析\x64\release\liquid.lib
d:\reasonix\信号分析\x64\release\liquid.exp
d:\reasonix\信号分析\x64\release\liquid.ipdb
d:\reasonix\信号分析\x64\release\liquid.iobj
d:\reasonix\信号分析\signalanalyzertool\liquid\x64\release\liquid.tlog\cl.command.1.tlog
d:\reasonix\信号分析\signalanalyzertool\liquid\x64\release\liquid.tlog\cl.read.1.tlog
d:\reasonix\信号分析\signalanalyzertool\liquid\x64\release\liquid.tlog\cl.write.1.tlog
d:\reasonix\信号分析\signalanalyzertool\liquid\x64\release\liquid.tlog\link.command.1.tlog
d:\reasonix\信号分析\signalanalyzertool\liquid\x64\release\liquid.tlog\link.read.1.tlog
d:\reasonix\信号分析\signalanalyzertool\liquid\x64\release\liquid.tlog\link.write.1.tlog
d:\reasonix\信号分析\signalanalyzertool\liquid\x64\release\liquid.tlog\liquid.write.1u.tlog
